2020-08-08 18:27:35,238:INFO:PyCaret Regression Module
2020-08-08 18:27:35,239:INFO:version 2.0
2020-08-08 18:27:35,239:INFO:Initializing setup()
2020-08-08 18:27:35,239:INFO:USI: f235
2020-08-08 18:27:35,239:INFO:setup(data=(1338, 7), target=charges, train_size=0.7, sampling=True, sample_estimator=None, categorical_features=None, categorical_imputation=constant, ordinal_features=None,
                    high_cardinality_features=None, high_cardinality_method=frequency, numeric_features=None, numeric_imputation=mean, date_features=None, ignore_features=None, normalize=False,
                    normalize_method=zscore, transformation=False, transformation_method=yeo-johnson, handle_unknown_categorical=True, unknown_categorical_method=least_frequent, pca=False, pca_method=linear,
                    pca_components=None, ignore_low_variance=False, combine_rare_levels=False, rare_level_threshold=0.1, bin_numeric_features=None, remove_outliers=False, outliers_threshold=0.05,
                    remove_multicollinearity=False, multicollinearity_threshold=0.9, remove_perfect_collinearity=False, create_clusters=False, cluster_iter=20,
                    polynomial_features=False, polynomial_degree=2, trigonometry_features=False, polynomial_threshold=0.1, group_features=None,
                    group_names=None, feature_selection=False, feature_selection_threshold=0.8, feature_interaction=False, feature_ratio=False, interaction_threshold=0.01, transform_target=False,
                    transform_target_method=box-cox, data_split_shuffle=True, folds_shuffle=False, n_jobs=-1, html=True, session_id=123, log_experiment=False,
                    experiment_name=None, log_plots=False, log_profile=False, log_data=False, silent=False, verbose=True, profile=False)
2020-08-08 18:27:35,239:INFO:Checking environment
2020-08-08 18:27:35,240:INFO:python_version: 3.8.5
2020-08-08 18:27:35,240:INFO:python_build: ('default', 'Jul 31 2020 02:18:36')
2020-08-08 18:27:35,240:INFO:machine: x86_64
2020-08-08 18:27:35,263:INFO:platform: macOS-10.15.5-x86_64-i386-64bit
2020-08-08 18:27:35,264:WARNING:cannot find psutil installation. memory not traceable. Install psutil using pip to enable memory logging. 
2020-08-08 18:27:35,264:INFO:Checking libraries
2020-08-08 18:27:35,264:INFO:pd==1.1.0
2020-08-08 18:27:35,264:INFO:numpy==1.18.5
2020-08-08 18:27:36,078:INFO:sklearn==0.23.2
2020-08-08 18:27:36,125:WARNING:xgboost not found
2020-08-08 18:27:36,177:WARNING:lightgbm not found
2020-08-08 18:27:36,245:INFO:catboost==0.24
2020-08-08 18:27:36,982:INFO:mlflow==1.10.0
2020-08-08 18:27:36,983:INFO:Checking Exceptions
2020-08-08 18:27:36,983:INFO:Preloading libraries
2020-08-08 18:27:36,983:INFO:Preparing display monitor
2020-08-08 18:27:37,006:INFO:Importing libraries
2020-08-08 18:27:39,573:INFO:Copying data for preprocessing
2020-08-08 18:27:39,573:INFO:Declaring global variables
2020-08-08 18:27:39,579:INFO:Declaring preprocessing parameters
2020-08-08 18:27:39,580:INFO:Importing preprocessing module
2020-08-08 18:30:36,497:INFO:PyCaret Regression Module
2020-08-08 18:30:36,497:INFO:version 2.0
2020-08-08 18:30:36,497:INFO:Initializing setup()
2020-08-08 18:30:36,497:INFO:USI: 4f64
2020-08-08 18:30:36,497:INFO:setup(data=(1338, 7), target=charges, train_size=0.7, sampling=True, sample_estimator=None, categorical_features=None, categorical_imputation=constant, ordinal_features=None,
                    high_cardinality_features=None, high_cardinality_method=frequency, numeric_features=None, numeric_imputation=mean, date_features=None, ignore_features=None, normalize=False,
                    normalize_method=zscore, transformation=False, transformation_method=yeo-johnson, handle_unknown_categorical=True, unknown_categorical_method=least_frequent, pca=False, pca_method=linear,
                    pca_components=None, ignore_low_variance=False, combine_rare_levels=False, rare_level_threshold=0.1, bin_numeric_features=None, remove_outliers=False, outliers_threshold=0.05,
                    remove_multicollinearity=False, multicollinearity_threshold=0.9, remove_perfect_collinearity=False, create_clusters=False, cluster_iter=20,
                    polynomial_features=False, polynomial_degree=2, trigonometry_features=False, polynomial_threshold=0.1, group_features=None,
                    group_names=None, feature_selection=False, feature_selection_threshold=0.8, feature_interaction=False, feature_ratio=False, interaction_threshold=0.01, transform_target=False,
                    transform_target_method=box-cox, data_split_shuffle=True, folds_shuffle=False, n_jobs=-1, html=True, session_id=123, log_experiment=False,
                    experiment_name=None, log_plots=False, log_profile=False, log_data=False, silent=False, verbose=True, profile=False)
2020-08-08 18:30:36,498:INFO:Checking environment
2020-08-08 18:30:36,498:INFO:python_version: 3.8.5
2020-08-08 18:30:36,498:INFO:python_build: ('default', 'Jul 31 2020 02:18:36')
2020-08-08 18:30:36,498:INFO:machine: x86_64
2020-08-08 18:30:36,512:INFO:platform: macOS-10.15.5-x86_64-i386-64bit
2020-08-08 18:30:36,513:WARNING:cannot find psutil installation. memory not traceable. Install psutil using pip to enable memory logging. 
2020-08-08 18:30:36,513:INFO:Checking libraries
2020-08-08 18:30:36,514:INFO:pd==1.1.0
2020-08-08 18:30:36,514:INFO:numpy==1.18.5
2020-08-08 18:30:37,138:INFO:sklearn==0.23.2
2020-08-08 18:30:37,191:INFO:xgboost==1.1.1
2020-08-08 18:30:37,247:INFO:lightgbm==2.3.1
2020-08-08 18:30:37,311:INFO:catboost==0.24
2020-08-08 18:30:38,169:INFO:mlflow==1.10.0
2020-08-08 18:30:38,169:INFO:Checking Exceptions
2020-08-08 18:30:38,169:INFO:Preloading libraries
2020-08-08 18:30:38,169:INFO:Preparing display monitor
2020-08-08 18:30:38,190:INFO:Importing libraries
2020-08-08 18:30:38,813:INFO:Copying data for preprocessing
2020-08-08 18:30:38,813:INFO:Declaring global variables
2020-08-08 18:30:38,819:INFO:Declaring preprocessing parameters
2020-08-08 18:30:38,820:INFO:Importing preprocessing module
2020-08-08 18:30:39,490:INFO:Creating preprocessing pipeline
2020-08-08 18:30:54,032:INFO:Preprocessing pipeline created successfully
2020-08-08 18:30:54,032:INFO:No inverse transformer found
2020-08-08 18:30:54,032:INFO:Creating grid variables
2020-08-08 18:30:54,035:INFO:Creating global containers
2020-08-08 18:30:54,157:INFO:create_model_container: 0
2020-08-08 18:30:54,157:INFO:master_model_container: 0
2020-08-08 18:30:54,161:INFO:display_container: 0
2020-08-08 18:30:54,161:INFO:setup() succesfully completed......................................
2020-08-08 18:31:10,531:INFO:Initializing create_model()
2020-08-08 18:31:10,531:INFO:create_model(estimator=lr, ensemble=False, method=None, fold=10, round=4, cross_validation=True, verbose=True, system=True)
2020-08-08 18:31:10,531:INFO:Checking exceptions
2020-08-08 18:31:10,531:INFO:Preloading libraries
2020-08-08 18:31:10,531:INFO:Preparing display monitor
2020-08-08 18:31:10,581:INFO:Copying training dataset
2020-08-08 18:31:10,582:INFO:Importing libraries
2020-08-08 18:31:10,583:INFO:Defining folds
2020-08-08 18:31:10,583:INFO:Declaring metric variables
2020-08-08 18:31:10,598:INFO:Linear Regression Imported succesfully
2020-08-08 18:31:10,602:INFO:Checking ensemble method
2020-08-08 18:31:10,646:INFO:Initializing Fold 1
2020-08-08 18:31:10,692:INFO:Fitting Model
2020-08-08 18:31:10,711:INFO:Evaluating Metrics
2020-08-08 18:31:10,714:INFO:No inverse transformation
2020-08-08 18:31:10,714:INFO:Compiling Metrics
2020-08-08 18:31:10,761:INFO:Initializing Fold 2
2020-08-08 18:31:10,779:INFO:Fitting Model
2020-08-08 18:31:10,783:INFO:Evaluating Metrics
2020-08-08 18:31:10,787:INFO:No inverse transformation
2020-08-08 18:31:10,787:INFO:Compiling Metrics
2020-08-08 18:31:10,846:INFO:Initializing Fold 3
2020-08-08 18:31:10,874:INFO:Fitting Model
2020-08-08 18:31:10,877:INFO:Evaluating Metrics
2020-08-08 18:31:10,880:INFO:No inverse transformation
2020-08-08 18:31:10,880:INFO:Compiling Metrics
2020-08-08 18:31:10,941:INFO:Initializing Fold 4
2020-08-08 18:31:10,949:INFO:Fitting Model
2020-08-08 18:31:10,958:INFO:Evaluating Metrics
2020-08-08 18:31:10,964:INFO:No inverse transformation
2020-08-08 18:31:10,965:INFO:Compiling Metrics
2020-08-08 18:31:11,005:INFO:Initializing Fold 5
2020-08-08 18:31:11,027:INFO:Fitting Model
2020-08-08 18:31:11,030:INFO:Evaluating Metrics
2020-08-08 18:31:11,034:INFO:No inverse transformation
2020-08-08 18:31:11,034:INFO:Compiling Metrics
2020-08-08 18:31:11,101:INFO:Initializing Fold 6
2020-08-08 18:31:11,123:INFO:Fitting Model
2020-08-08 18:31:11,127:INFO:Evaluating Metrics
2020-08-08 18:31:11,129:INFO:No inverse transformation
2020-08-08 18:31:11,129:INFO:Compiling Metrics
2020-08-08 18:31:11,198:INFO:Initializing Fold 7
2020-08-08 18:31:11,212:INFO:Fitting Model
2020-08-08 18:31:11,216:INFO:Evaluating Metrics
2020-08-08 18:31:11,220:INFO:No inverse transformation
2020-08-08 18:31:11,220:INFO:Compiling Metrics
2020-08-08 18:31:11,281:INFO:Initializing Fold 8
2020-08-08 18:31:11,294:INFO:Fitting Model
2020-08-08 18:31:11,297:INFO:Evaluating Metrics
2020-08-08 18:31:11,301:INFO:No inverse transformation
2020-08-08 18:31:11,302:INFO:Compiling Metrics
2020-08-08 18:31:11,364:INFO:Initializing Fold 9
2020-08-08 18:31:11,373:INFO:Fitting Model
2020-08-08 18:31:11,376:INFO:Evaluating Metrics
2020-08-08 18:31:11,382:INFO:No inverse transformation
2020-08-08 18:31:11,382:INFO:Compiling Metrics
2020-08-08 18:31:11,432:INFO:Initializing Fold 10
2020-08-08 18:31:11,442:INFO:Fitting Model
2020-08-08 18:31:11,452:INFO:Evaluating Metrics
2020-08-08 18:31:11,455:INFO:No inverse transformation
2020-08-08 18:31:11,455:INFO:Compiling Metrics
2020-08-08 18:31:11,493:INFO:Calculating mean and std
2020-08-08 18:31:11,495:INFO:Creating metrics dataframe
2020-08-08 18:31:11,524:INFO:Finalizing model
2020-08-08 18:31:11,542:INFO:Uploading results into container
2020-08-08 18:31:11,542:INFO:Uploading model into container
2020-08-08 18:31:11,605:INFO:create_model_container: 1
2020-08-08 18:31:11,605:INFO:master_model_container: 1
2020-08-08 18:31:11,605:INFO:display_container: 1
2020-08-08 18:31:11,607:INFO:LinearRegression(copy_X=True, fit_intercept=True, n_jobs=-1, normalize=False)
2020-08-08 18:31:11,607:INFO:create_model() succesfully completed......................................
2020-08-08 18:31:18,817:INFO:Initializing plot_model()
2020-08-08 18:31:18,817:INFO:plot_model(estimator=LinearRegression(copy_X=True, fit_intercept=True, n_jobs=-1, normalize=False), plot=residuals, save=False, verbose=True, system=True)
2020-08-08 18:31:18,817:INFO:Checking exceptions
2020-08-08 18:31:18,817:INFO:Preloading libraries
2020-08-08 18:31:18,818:INFO:Preparing display monitor
2020-08-08 18:31:18,836:INFO:Importing libraries
2020-08-08 18:31:18,838:INFO:plot type: residuals
2020-08-08 18:31:18,971:INFO:Fitting Model
2020-08-08 18:31:19,092:INFO:Scoring test/hold-out set
2020-08-08 18:31:19,897:INFO:Visual Rendered Successfully
2020-08-08 18:31:19,897:INFO:plot_model() succesfully completed......................................
2020-08-08 18:32:00,675:INFO:PyCaret Regression Module
2020-08-08 18:32:00,676:INFO:version 2.0
2020-08-08 18:32:00,676:INFO:Initializing setup()
2020-08-08 18:32:00,677:INFO:USI: 5a73
2020-08-08 18:32:00,677:INFO:setup(data=(1338, 7), target=charges, train_size=0.7, sampling=True, sample_estimator=None, categorical_features=None, categorical_imputation=constant, ordinal_features=None,
                    high_cardinality_features=None, high_cardinality_method=frequency, numeric_features=None, numeric_imputation=mean, date_features=None, ignore_features=None, normalize=True,
                    normalize_method=zscore, transformation=False, transformation_method=yeo-johnson, handle_unknown_categorical=True, unknown_categorical_method=least_frequent, pca=False, pca_method=linear,
                    pca_components=None, ignore_low_variance=False, combine_rare_levels=False, rare_level_threshold=0.1, bin_numeric_features=['age', 'bmi'], remove_outliers=False, outliers_threshold=0.05,
                    remove_multicollinearity=False, multicollinearity_threshold=0.9, remove_perfect_collinearity=False, create_clusters=False, cluster_iter=20,
                    polynomial_features=True, polynomial_degree=2, trigonometry_features=True, polynomial_threshold=0.1, group_features=None,
                    group_names=None, feature_selection=False, feature_selection_threshold=0.8, feature_interaction=True, feature_ratio=False, interaction_threshold=0.01, transform_target=False,
                    transform_target_method=box-cox, data_split_shuffle=True, folds_shuffle=False, n_jobs=-1, html=True, session_id=123, log_experiment=False,
                    experiment_name=None, log_plots=False, log_profile=False, log_data=False, silent=False, verbose=True, profile=False)
2020-08-08 18:32:00,677:INFO:Checking environment
2020-08-08 18:32:00,677:INFO:python_version: 3.8.5
2020-08-08 18:32:00,677:INFO:python_build: ('default', 'Jul 31 2020 02:18:36')
2020-08-08 18:32:00,677:INFO:machine: x86_64
2020-08-08 18:32:00,677:INFO:platform: macOS-10.15.5-x86_64-i386-64bit
2020-08-08 18:32:00,678:WARNING:cannot find psutil installation. memory not traceable. Install psutil using pip to enable memory logging. 
2020-08-08 18:32:00,678:INFO:Checking libraries
2020-08-08 18:32:00,678:INFO:pd==1.1.0
2020-08-08 18:32:00,678:INFO:numpy==1.18.5
2020-08-08 18:32:00,678:INFO:sklearn==0.23.2
2020-08-08 18:32:00,678:INFO:xgboost==1.1.1
2020-08-08 18:32:00,678:INFO:lightgbm==2.3.1
2020-08-08 18:32:00,679:INFO:catboost==0.24
2020-08-08 18:32:00,679:INFO:mlflow==1.10.0
2020-08-08 18:32:00,679:INFO:Checking Exceptions
2020-08-08 18:32:00,679:INFO:Preloading libraries
2020-08-08 18:32:00,679:INFO:Preparing display monitor
2020-08-08 18:32:00,705:INFO:Importing libraries
2020-08-08 18:32:00,716:INFO:Copying data for preprocessing
2020-08-08 18:32:00,716:INFO:Declaring global variables
2020-08-08 18:32:00,729:INFO:Declaring preprocessing parameters
2020-08-08 18:32:00,729:INFO:Importing preprocessing module
2020-08-08 18:32:00,729:INFO:Creating preprocessing pipeline
2020-08-08 18:32:05,296:INFO:Preprocessing pipeline created successfully
2020-08-08 18:32:05,297:INFO:No inverse transformer found
2020-08-08 18:32:05,297:INFO:Creating grid variables
2020-08-08 18:32:05,300:INFO:Creating global containers
2020-08-08 18:32:05,356:INFO:create_model_container: 0
2020-08-08 18:32:05,356:INFO:master_model_container: 0
2020-08-08 18:32:05,356:INFO:display_container: 0
2020-08-08 18:32:05,356:INFO:setup() succesfully completed......................................
2020-08-08 18:32:22,526:INFO:Initializing create_model()
2020-08-08 18:32:22,526:INFO:create_model(estimator=lr, ensemble=False, method=None, fold=10, round=4, cross_validation=True, verbose=True, system=True)
2020-08-08 18:32:22,527:INFO:Checking exceptions
2020-08-08 18:32:22,527:INFO:Preloading libraries
2020-08-08 18:32:22,527:INFO:Preparing display monitor
2020-08-08 18:32:22,582:INFO:Copying training dataset
2020-08-08 18:32:22,587:INFO:Importing libraries
2020-08-08 18:32:22,592:INFO:Defining folds
2020-08-08 18:32:22,592:INFO:Declaring metric variables
2020-08-08 18:32:22,598:INFO:Linear Regression Imported succesfully
2020-08-08 18:32:22,600:INFO:Checking ensemble method
2020-08-08 18:32:22,607:INFO:Initializing Fold 1
2020-08-08 18:32:22,643:INFO:Fitting Model
2020-08-08 18:32:22,667:INFO:Evaluating Metrics
2020-08-08 18:32:22,670:INFO:No inverse transformation
2020-08-08 18:32:22,670:INFO:Compiling Metrics
2020-08-08 18:32:22,713:INFO:Initializing Fold 2
2020-08-08 18:32:22,732:INFO:Fitting Model
2020-08-08 18:32:22,758:INFO:Evaluating Metrics
2020-08-08 18:32:22,764:INFO:No inverse transformation
2020-08-08 18:32:22,765:INFO:Compiling Metrics
2020-08-08 18:32:22,804:INFO:Initializing Fold 3
2020-08-08 18:32:22,827:INFO:Fitting Model
2020-08-08 18:32:22,834:INFO:Evaluating Metrics
2020-08-08 18:32:22,837:INFO:No inverse transformation
2020-08-08 18:32:22,837:INFO:Compiling Metrics
2020-08-08 18:32:22,895:INFO:Initializing Fold 4
2020-08-08 18:32:22,904:INFO:Fitting Model
2020-08-08 18:32:22,915:INFO:Evaluating Metrics
2020-08-08 18:32:22,923:INFO:No inverse transformation
2020-08-08 18:32:22,924:INFO:Compiling Metrics
2020-08-08 18:32:22,972:INFO:Initializing Fold 5
2020-08-08 18:32:22,989:INFO:Fitting Model
2020-08-08 18:32:23,007:INFO:Evaluating Metrics
2020-08-08 18:32:23,012:INFO:No inverse transformation
2020-08-08 18:32:23,013:INFO:Compiling Metrics
2020-08-08 18:32:23,049:INFO:Initializing Fold 6
2020-08-08 18:32:23,069:INFO:Fitting Model
2020-08-08 18:32:23,081:INFO:Evaluating Metrics
2020-08-08 18:32:23,084:INFO:No inverse transformation
2020-08-08 18:32:23,084:INFO:Compiling Metrics
2020-08-08 18:32:23,122:INFO:Initializing Fold 7
2020-08-08 18:32:23,144:INFO:Fitting Model
2020-08-08 18:32:23,154:INFO:Evaluating Metrics
2020-08-08 18:32:23,157:INFO:No inverse transformation
2020-08-08 18:32:23,158:INFO:Compiling Metrics
2020-08-08 18:32:23,223:INFO:Initializing Fold 8
2020-08-08 18:32:23,234:INFO:Fitting Model
2020-08-08 18:32:23,249:INFO:Evaluating Metrics
2020-08-08 18:32:23,256:INFO:No inverse transformation
2020-08-08 18:32:23,256:INFO:Compiling Metrics
2020-08-08 18:32:23,318:INFO:Initializing Fold 9
2020-08-08 18:32:23,373:INFO:Fitting Model
2020-08-08 18:32:23,382:INFO:Evaluating Metrics
2020-08-08 18:32:23,388:INFO:No inverse transformation
2020-08-08 18:32:23,388:INFO:Compiling Metrics
2020-08-08 18:32:23,460:INFO:Initializing Fold 10
2020-08-08 18:32:23,480:INFO:Fitting Model
2020-08-08 18:32:23,497:INFO:Evaluating Metrics
2020-08-08 18:32:23,500:INFO:No inverse transformation
2020-08-08 18:32:23,500:INFO:Compiling Metrics
2020-08-08 18:32:23,610:INFO:Calculating mean and std
2020-08-08 18:32:23,612:INFO:Creating metrics dataframe
2020-08-08 18:32:23,647:INFO:Finalizing model
2020-08-08 18:32:23,699:INFO:Uploading results into container
2020-08-08 18:32:23,699:INFO:Uploading model into container
2020-08-08 18:32:23,762:INFO:create_model_container: 1
2020-08-08 18:32:23,762:INFO:master_model_container: 1
2020-08-08 18:32:23,763:INFO:display_container: 1
2020-08-08 18:32:23,763:INFO:LinearRegression(copy_X=True, fit_intercept=True, n_jobs=-1, normalize=False)
2020-08-08 18:32:23,763:INFO:create_model() succesfully completed......................................
2020-08-08 18:32:25,859:INFO:Initializing plot_model()
2020-08-08 18:32:25,861:INFO:plot_model(estimator=LinearRegression(copy_X=True, fit_intercept=True, n_jobs=-1, normalize=False), plot=residuals, save=False, verbose=True, system=True)
2020-08-08 18:32:25,861:INFO:Checking exceptions
2020-08-08 18:32:25,861:INFO:Preloading libraries
2020-08-08 18:32:25,861:INFO:Preparing display monitor
2020-08-08 18:32:25,876:INFO:Importing libraries
2020-08-08 18:32:25,878:INFO:plot type: residuals
2020-08-08 18:32:25,984:INFO:Fitting Model
2020-08-08 18:32:26,020:INFO:Scoring test/hold-out set
2020-08-08 18:32:26,878:INFO:Visual Rendered Successfully
2020-08-08 18:32:26,878:INFO:plot_model() succesfully completed......................................
2020-08-08 18:32:45,555:INFO:Initializing save_model()
2020-08-08 18:32:45,556:INFO:save_model(model=LinearRegression(copy_X=True, fit_intercept=True, n_jobs=-1, normalize=False), model_name=deployment_8082020, verbose=True)
2020-08-08 18:32:45,556:INFO:Appending prep pipeline
2020-08-08 18:32:45,623:INFO:deployment_8082020.pkl saved in current working directory
2020-08-08 18:32:45,633:INFO:[Pipeline(memory=None,
         steps=[('dtypes',
                 DataTypes_Auto_infer(categorical_features=[],
                                      display_types=True, features_todrop=[],
                                      ml_usecase='regression',
                                      numerical_features=[], target='charges',
                                      time_features=[])),
                ('imputer',
                 Simple_Imputer(categorical_strategy='not_available',
                                numeric_strategy='mean',
                                target_variable=None)),
                ('new_levels1',
                 New_Catagorical_Levels...
                ('rem_outliers', Empty()), ('cluster_all', Empty()),
                ('dummy', Dummify(target='charges')), ('fix_perfect', Empty()),
                ('clean_names', Clean_Colum_Names()),
                ('feature_select', Empty()), ('fix_multi', Empty()),
                ('dfs',
                 DFS_Classic(interactions=['multiply'], ml_usecase='regression',
                             random_state=123, subclass='binary',
                             target='charges',
                             top_features_to_pick_percentage=None)),
                ('pca', Empty())],
         verbose=False), LinearRegression(copy_X=True, fit_intercept=True, n_jobs=-1, normalize=False), None]
2020-08-08 18:32:45,633:INFO:save_model() succesfully completed......................................
